<?xml version="1.0" encoding="UTF-8"?>
<robot generator="Robot 7.0 (Python 3.11.8 on darwin)" generated="2024-05-28T21:08:33.166876" rpa="false" schemaversion="5">
<suite id="s1" name="Test Delete User Ddt Copy" source="/Users/dierokreator/Programming/Interasys/PetStoreRobot140/__tests__/test_delete_user_ddt copy.robot">
<test id="s1-t1" name="TC001" line="10">
<kw name="Delete User DDT">
<kw name="Convert To Integer" owner="BuiltIn">
<msg time="2024-05-28T21:08:33.259940" level="INFO">${userStatus} = 1</msg>
<var>${userStatus}</var>
<arg>${userStatus}</arg>
<doc>Converts the given item to an integer number.</doc>
<status status="PASS" start="2024-05-28T21:08:33.259628" elapsed="0.001929"/>
</kw>
<kw name="Create Dictionary" owner="BuiltIn">
<msg time="2024-05-28T21:08:33.262666" level="INFO">${body} = {'id': '60814379198', 'username': 'figotti', 'firstName': 'Fidel', 'lastName': 'Santos', 'email': 'figotti@gmail.com', 'password': '123456', 'phone': '51452895685', 'userStatus': 1}</msg>
<var>${body}</var>
<arg>id=${id}</arg>
<arg>username=${username}</arg>
<arg>firstName=${firstName}</arg>
<arg>lastName=${lastName}</arg>
<arg>email=${email}</arg>
<arg>password=${password}</arg>
<arg>phone=${phone}</arg>
<arg>userStatus=${userStatus}</arg>
<doc>Creates and returns a dictionary based on the given ``items``.</doc>
<status status="PASS" start="2024-05-28T21:08:33.261926" elapsed="0.000924"/>
</kw>
<kw name="DELETE" owner="RequestsLibrary">
<msg time="2024-05-28T21:08:33.908433" level="INFO">DELETE Request : url=https://petstore.swagger.io/v2/user/figotti 
 path_url=/v2/user/figotti 
 headers={'User-Agent': 'python-requests/2.31.0', 'Accept-Encoding': 'gzip, deflate', 'Accept': '*/*', 'Connection': 'keep-alive', 'Content-Length': '181', 'Content-Type': 'application/json'} 
 body=b'{"id": "60814379198", "username": "figotti", "firstName": "Fidel", "lastName": "Santos", "email": "figotti@gmail.com", "password": "123456", "phone": "51452895685", "userStatus": 1}' 
 </msg>
<msg time="2024-05-28T21:08:33.909258" level="INFO">DELETE Response : url=https://petstore.swagger.io/v2/user/figotti 
 status=200, reason=OK 
 headers={'Date': 'Wed, 29 May 2024 00:08:33 GMT', 'Content-Type': 'application/json', 'Transfer-Encoding': 'chunked', 'Connection': 'keep-alive', 'Access-Control-Allow-Origin': '*', 'Access-Control-Allow-Methods': 'GET, POST, DELETE, PUT', 'Access-Control-Allow-Headers': 'Content-Type, api_key, Authorization', 'Server': 'Jetty(9.2.9.v20150224)'} 
 body={"code":200,"type":"unknown","message":"figotti"} 
 </msg>
<msg time="2024-05-28T21:08:33.909758" level="INFO">${response} = &lt;Response [200]&gt;</msg>
<var>${response}</var>
<arg>${{$url + "/" + $username}}</arg>
<arg>json=${body}</arg>
<doc>Sends a DELETE request.</doc>
<status status="PASS" start="2024-05-28T21:08:33.263131" elapsed="0.646918"/>
</kw>
<kw name="Set Variable" owner="BuiltIn">
<msg time="2024-05-28T21:08:33.912033" level="INFO">${response_body} = {'code': 200, 'type': 'unknown', 'message': 'figotti'}</msg>
<var>${response_body}</var>
<arg>${response.json()}</arg>
<doc>Returns the given values which can then be assigned to a variables.</doc>
<status status="PASS" start="2024-05-28T21:08:33.910562" elapsed="0.001748"/>
</kw>
<kw name="Log To Console" owner="BuiltIn">
<arg>${response_body}</arg>
<doc>Logs the given message to the console.</doc>
<status status="PASS" start="2024-05-28T21:08:33.912738" elapsed="0.000631"/>
</kw>
<kw name="Status Should Be" owner="RequestsLibrary">
<arg>200</arg>
<doc>Fails if response status code is different than the expected.</doc>
<status status="PASS" start="2024-05-28T21:08:33.913791" elapsed="0.000450"/>
</kw>
<kw name="Should Be Equal" owner="BuiltIn">
<arg>${response_body}[code]</arg>
<arg>${{int(200)}}</arg>
<doc>Fails if the given objects are unequal.</doc>
<status status="PASS" start="2024-05-28T21:08:33.914638" elapsed="0.001265"/>
</kw>
<kw name="Should Be Equal" owner="BuiltIn">
<arg>${response_body}[type]</arg>
<arg>unknown</arg>
<doc>Fails if the given objects are unequal.</doc>
<status status="PASS" start="2024-05-28T21:08:33.916242" elapsed="0.000472"/>
</kw>
<kw name="Should Be Equal" owner="BuiltIn">
<arg>${response_body}[message]</arg>
<arg>${username}</arg>
<doc>Fails if the given objects are unequal.</doc>
<status status="PASS" start="2024-05-28T21:08:33.917024" elapsed="0.000465"/>
</kw>
<arg>id=60814379198</arg>
<arg>username=figotti</arg>
<arg>firstName=Fidel</arg>
<arg>lastName=Santos</arg>
<arg>email=figotti@gmail.com</arg>
<arg>password=123456</arg>
<arg>phone=51452895685</arg>
<arg>userStatus=1</arg>
<status status="PASS" start="2024-05-28T21:08:33.258750" elapsed="0.658962"/>
</kw>
<status status="PASS" start="2024-05-28T21:08:33.257452" elapsed="0.660669"/>
</test>
<test id="s1-t2" name="TC001" line="10">
<kw name="Delete User DDT">
<kw name="Convert To Integer" owner="BuiltIn">
<msg time="2024-05-28T21:08:33.926259" level="INFO">${userStatus} = 1</msg>
<var>${userStatus}</var>
<arg>${userStatus}</arg>
<doc>Converts the given item to an integer number.</doc>
<status status="PASS" start="2024-05-28T21:08:33.925414" elapsed="0.001377"/>
</kw>
<kw name="Create Dictionary" owner="BuiltIn">
<msg time="2024-05-28T21:08:33.928528" level="INFO">${body} = {'id': '60814379199', 'username': 'gotti', 'firstName': 'Goofy', 'lastName': 'Saint', 'email': 'gosa@gmail.com', 'password': '123457', 'phone': '51452895686', 'userStatus': 1}</msg>
<var>${body}</var>
<arg>id=${id}</arg>
<arg>username=${username}</arg>
<arg>firstName=${firstName}</arg>
<arg>lastName=${lastName}</arg>
<arg>email=${email}</arg>
<arg>password=${password}</arg>
<arg>phone=${phone}</arg>
<arg>userStatus=${userStatus}</arg>
<doc>Creates and returns a dictionary based on the given ``items``.</doc>
<status status="PASS" start="2024-05-28T21:08:33.927169" elapsed="0.001863"/>
</kw>
<kw name="DELETE" owner="RequestsLibrary">
<msg time="2024-05-28T21:08:34.556399" level="INFO">DELETE Request : url=https://petstore.swagger.io/v2/user/gotti 
 path_url=/v2/user/gotti 
 headers={'User-Agent': 'python-requests/2.31.0', 'Accept-Encoding': 'gzip, deflate', 'Accept': '*/*', 'Connection': 'keep-alive', 'Content-Length': '175', 'Content-Type': 'application/json'} 
 body=b'{"id": "60814379199", "username": "gotti", "firstName": "Goofy", "lastName": "Saint", "email": "gosa@gmail.com", "password": "123457", "phone": "51452895686", "userStatus": 1}' 
 </msg>
<msg time="2024-05-28T21:08:34.557073" level="INFO">DELETE Response : url=https://petstore.swagger.io/v2/user/gotti 
 status=200, reason=OK 
 headers={'Date': 'Wed, 29 May 2024 00:08:34 GMT', 'Content-Type': 'application/json', 'Transfer-Encoding': 'chunked', 'Connection': 'keep-alive', 'Access-Control-Allow-Origin': '*', 'Access-Control-Allow-Methods': 'GET, POST, DELETE, PUT', 'Access-Control-Allow-Headers': 'Content-Type, api_key, Authorization', 'Server': 'Jetty(9.2.9.v20150224)'} 
 body={"code":200,"type":"unknown","message":"gotti"} 
 </msg>
<msg time="2024-05-28T21:08:34.557541" level="INFO">${response} = &lt;Response [200]&gt;</msg>
<var>${response}</var>
<arg>${{$url + "/" + $username}}</arg>
<arg>json=${body}</arg>
<doc>Sends a DELETE request.</doc>
<status status="PASS" start="2024-05-28T21:08:33.929613" elapsed="0.628154"/>
</kw>
<kw name="Set Variable" owner="BuiltIn">
<msg time="2024-05-28T21:08:34.559678" level="INFO">${response_body} = {'code': 200, 'type': 'unknown', 'message': 'gotti'}</msg>
<var>${response_body}</var>
<arg>${response.json()}</arg>
<doc>Returns the given values which can then be assigned to a variables.</doc>
<status status="PASS" start="2024-05-28T21:08:34.558228" elapsed="0.001697"/>
</kw>
<kw name="Log To Console" owner="BuiltIn">
<arg>${response_body}</arg>
<doc>Logs the given message to the console.</doc>
<status status="PASS" start="2024-05-28T21:08:34.560284" elapsed="0.000531"/>
</kw>
<kw name="Status Should Be" owner="RequestsLibrary">
<arg>200</arg>
<doc>Fails if response status code is different than the expected.</doc>
<status status="PASS" start="2024-05-28T21:08:34.561174" elapsed="0.000413"/>
</kw>
<kw name="Should Be Equal" owner="BuiltIn">
<arg>${response_body}[code]</arg>
<arg>${{int(200)}}</arg>
<doc>Fails if the given objects are unequal.</doc>
<status status="PASS" start="2024-05-28T21:08:34.561922" elapsed="0.001290"/>
</kw>
<kw name="Should Be Equal" owner="BuiltIn">
<arg>${response_body}[type]</arg>
<arg>unknown</arg>
<doc>Fails if the given objects are unequal.</doc>
<status status="PASS" start="2024-05-28T21:08:34.564490" elapsed="0.000638"/>
</kw>
<kw name="Should Be Equal" owner="BuiltIn">
<arg>${response_body}[message]</arg>
<arg>${username}</arg>
<doc>Fails if the given objects are unequal.</doc>
<status status="PASS" start="2024-05-28T21:08:34.565540" elapsed="0.000796"/>
</kw>
<arg>id=60814379199</arg>
<arg>username=gotti</arg>
<arg>firstName=Goofy</arg>
<arg>lastName=Saint</arg>
<arg>email=gosa@gmail.com</arg>
<arg>password=123457</arg>
<arg>phone=51452895686</arg>
<arg>userStatus=1</arg>
<status status="PASS" start="2024-05-28T21:08:33.924270" elapsed="0.642462"/>
</kw>
<status status="PASS" start="2024-05-28T21:08:33.921628" elapsed="0.646235"/>
</test>
<test id="s1-t3" name="TC001" line="10">
<kw name="Delete User DDT">
<kw name="Convert To Integer" owner="BuiltIn">
<msg time="2024-05-28T21:08:34.573431" level="INFO">${userStatus} = 1</msg>
<var>${userStatus}</var>
<arg>${userStatus}</arg>
<doc>Converts the given item to an integer number.</doc>
<status status="PASS" start="2024-05-28T21:08:34.572856" elapsed="0.001396"/>
</kw>
<kw name="Create Dictionary" owner="BuiltIn">
<msg time="2024-05-28T21:08:34.575670" level="INFO">${body} = {'id': '60814379200', 'username': 'fredfo', 'firstName': 'Freddy', 'lastName': 'Fontalvo', 'email': 'fefo@gmail.com', 'password': '123434', 'phone': '51452895638', 'userStatus': 1}</msg>
<var>${body}</var>
<arg>id=${id}</arg>
<arg>username=${username}</arg>
<arg>firstName=${firstName}</arg>
<arg>lastName=${lastName}</arg>
<arg>email=${email}</arg>
<arg>password=${password}</arg>
<arg>phone=${phone}</arg>
<arg>userStatus=${userStatus}</arg>
<doc>Creates and returns a dictionary based on the given ``items``.</doc>
<status status="PASS" start="2024-05-28T21:08:34.574663" elapsed="0.001260"/>
</kw>
<kw name="DELETE" owner="RequestsLibrary">
<msg time="2024-05-28T21:08:35.225022" level="INFO">DELETE Request : url=https://petstore.swagger.io/v2/user/fredfo 
 path_url=/v2/user/fredfo 
 headers={'User-Agent': 'python-requests/2.31.0', 'Accept-Encoding': 'gzip, deflate', 'Accept': '*/*', 'Connection': 'keep-alive', 'Content-Length': '180', 'Content-Type': 'application/json'} 
 body=b'{"id": "60814379200", "username": "fredfo", "firstName": "Freddy", "lastName": "Fontalvo", "email": "fefo@gmail.com", "password": "123434", "phone": "51452895638", "userStatus": 1}' 
 </msg>
<msg time="2024-05-28T21:08:35.225729" level="INFO">DELETE Response : url=https://petstore.swagger.io/v2/user/fredfo 
 status=200, reason=OK 
 headers={'Date': 'Wed, 29 May 2024 00:08:35 GMT', 'Content-Type': 'application/json', 'Transfer-Encoding': 'chunked', 'Connection': 'keep-alive', 'Access-Control-Allow-Origin': '*', 'Access-Control-Allow-Methods': 'GET, POST, DELETE, PUT', 'Access-Control-Allow-Headers': 'Content-Type, api_key, Authorization', 'Server': 'Jetty(9.2.9.v20150224)'} 
 body={"code":200,"type":"unknown","message":"fredfo"} 
 </msg>
<msg time="2024-05-28T21:08:35.230365" level="INFO">${response} = &lt;Response [200]&gt;</msg>
<var>${response}</var>
<arg>${{$url + "/" + $username}}</arg>
<arg>json=${body}</arg>
<doc>Sends a DELETE request.</doc>
<status status="PASS" start="2024-05-28T21:08:34.576246" elapsed="0.654469"/>
</kw>
<kw name="Set Variable" owner="BuiltIn">
<msg time="2024-05-28T21:08:35.232616" level="INFO">${response_body} = {'code': 200, 'type': 'unknown', 'message': 'fredfo'}</msg>
<var>${response_body}</var>
<arg>${response.json()}</arg>
<doc>Returns the given values which can then be assigned to a variables.</doc>
<status status="PASS" start="2024-05-28T21:08:35.231193" elapsed="0.001698"/>
</kw>
<kw name="Log To Console" owner="BuiltIn">
<arg>${response_body}</arg>
<doc>Logs the given message to the console.</doc>
<status status="PASS" start="2024-05-28T21:08:35.233927" elapsed="0.000710"/>
</kw>
<kw name="Status Should Be" owner="RequestsLibrary">
<arg>200</arg>
<doc>Fails if response status code is different than the expected.</doc>
<status status="PASS" start="2024-05-28T21:08:35.235109" elapsed="0.000494"/>
</kw>
<kw name="Should Be Equal" owner="BuiltIn">
<arg>${response_body}[code]</arg>
<arg>${{int(200)}}</arg>
<doc>Fails if the given objects are unequal.</doc>
<status status="PASS" start="2024-05-28T21:08:35.236020" elapsed="0.001368"/>
</kw>
<kw name="Should Be Equal" owner="BuiltIn">
<arg>${response_body}[type]</arg>
<arg>unknown</arg>
<doc>Fails if the given objects are unequal.</doc>
<status status="PASS" start="2024-05-28T21:08:35.237775" elapsed="0.000508"/>
</kw>
<kw name="Should Be Equal" owner="BuiltIn">
<arg>${response_body}[message]</arg>
<arg>${username}</arg>
<doc>Fails if the given objects are unequal.</doc>
<status status="PASS" start="2024-05-28T21:08:35.238611" elapsed="0.000526"/>
</kw>
<arg>id=60814379200</arg>
<arg>username=fredfo</arg>
<arg>firstName=Freddy</arg>
<arg>lastName=Fontalvo</arg>
<arg>email=fefo@gmail.com</arg>
<arg>password=123434</arg>
<arg>phone=51452895638</arg>
<arg>userStatus=1</arg>
<status status="PASS" start="2024-05-28T21:08:34.571716" elapsed="0.667686"/>
</kw>
<status status="PASS" start="2024-05-28T21:08:34.569745" elapsed="0.670555"/>
</test>
<test id="s1-t4" name="TC001" line="10">
<kw name="Delete User DDT">
<kw name="Convert To Integer" owner="BuiltIn">
<msg time="2024-05-28T21:08:35.245708" level="INFO">${userStatus} = 1</msg>
<var>${userStatus}</var>
<arg>${userStatus}</arg>
<doc>Converts the given item to an integer number.</doc>
<status status="PASS" start="2024-05-28T21:08:35.245279" elapsed="0.000640"/>
</kw>
<kw name="Create Dictionary" owner="BuiltIn">
<msg time="2024-05-28T21:08:35.247156" level="INFO">${body} = {'id': '60814379201', 'username': 'yure', 'firstName': 'Yuly', 'lastName': 'Red', 'email': 'yure@gmail.com', 'password': '123457', 'phone': '51452895697', 'userStatus': 1}</msg>
<var>${body}</var>
<arg>id=${id}</arg>
<arg>username=${username}</arg>
<arg>firstName=${firstName}</arg>
<arg>lastName=${lastName}</arg>
<arg>email=${email}</arg>
<arg>password=${password}</arg>
<arg>phone=${phone}</arg>
<arg>userStatus=${userStatus}</arg>
<doc>Creates and returns a dictionary based on the given ``items``.</doc>
<status status="PASS" start="2024-05-28T21:08:35.246226" elapsed="0.001140"/>
</kw>
<kw name="DELETE" owner="RequestsLibrary">
<msg time="2024-05-28T21:08:35.873013" level="INFO">DELETE Request : url=https://petstore.swagger.io/v2/user/yure 
 path_url=/v2/user/yure 
 headers={'User-Agent': 'python-requests/2.31.0', 'Accept-Encoding': 'gzip, deflate', 'Accept': '*/*', 'Connection': 'keep-alive', 'Content-Length': '171', 'Content-Type': 'application/json'} 
 body=b'{"id": "60814379201", "username": "yure", "firstName": "Yuly", "lastName": "Red", "email": "yure@gmail.com", "password": "123457", "phone": "51452895697", "userStatus": 1}' 
 </msg>
<msg time="2024-05-28T21:08:35.873558" level="INFO">DELETE Response : url=https://petstore.swagger.io/v2/user/yure 
 status=200, reason=OK 
 headers={'Date': 'Wed, 29 May 2024 00:08:35 GMT', 'Content-Type': 'application/json', 'Transfer-Encoding': 'chunked', 'Connection': 'keep-alive', 'Access-Control-Allow-Origin': '*', 'Access-Control-Allow-Methods': 'GET, POST, DELETE, PUT', 'Access-Control-Allow-Headers': 'Content-Type, api_key, Authorization', 'Server': 'Jetty(9.2.9.v20150224)'} 
 body={"code":200,"type":"unknown","message":"yure"} 
 </msg>
<msg time="2024-05-28T21:08:35.874048" level="INFO">${response} = &lt;Response [200]&gt;</msg>
<var>${response}</var>
<arg>${{$url + "/" + $username}}</arg>
<arg>json=${body}</arg>
<doc>Sends a DELETE request.</doc>
<status status="PASS" start="2024-05-28T21:08:35.247668" elapsed="0.626607"/>
</kw>
<kw name="Set Variable" owner="BuiltIn">
<msg time="2024-05-28T21:08:35.875839" level="INFO">${response_body} = {'code': 200, 'type': 'unknown', 'message': 'yure'}</msg>
<var>${response_body}</var>
<arg>${response.json()}</arg>
<doc>Returns the given values which can then be assigned to a variables.</doc>
<status status="PASS" start="2024-05-28T21:08:35.874686" elapsed="0.001378"/>
</kw>
<kw name="Log To Console" owner="BuiltIn">
<arg>${response_body}</arg>
<doc>Logs the given message to the console.</doc>
<status status="PASS" start="2024-05-28T21:08:35.877080" elapsed="0.001403"/>
</kw>
<kw name="Status Should Be" owner="RequestsLibrary">
<arg>200</arg>
<doc>Fails if response status code is different than the expected.</doc>
<status status="PASS" start="2024-05-28T21:08:35.878953" elapsed="0.000463"/>
</kw>
<kw name="Should Be Equal" owner="BuiltIn">
<arg>${response_body}[code]</arg>
<arg>${{int(200)}}</arg>
<doc>Fails if the given objects are unequal.</doc>
<status status="PASS" start="2024-05-28T21:08:35.879826" elapsed="0.001275"/>
</kw>
<kw name="Should Be Equal" owner="BuiltIn">
<arg>${response_body}[type]</arg>
<arg>unknown</arg>
<doc>Fails if the given objects are unequal.</doc>
<status status="PASS" start="2024-05-28T21:08:35.881449" elapsed="0.000457"/>
</kw>
<kw name="Should Be Equal" owner="BuiltIn">
<arg>${response_body}[message]</arg>
<arg>${username}</arg>
<doc>Fails if the given objects are unequal.</doc>
<status status="PASS" start="2024-05-28T21:08:35.882206" elapsed="0.000478"/>
</kw>
<arg>id=60814379201</arg>
<arg>username=yure</arg>
<arg>firstName=Yuly</arg>
<arg>lastName=Red</arg>
<arg>email=yure@gmail.com</arg>
<arg>password=123457</arg>
<arg>phone=51452895697</arg>
<arg>userStatus=1</arg>
<status status="PASS" start="2024-05-28T21:08:35.244477" elapsed="0.638440"/>
</kw>
<status status="PASS" start="2024-05-28T21:08:35.242322" elapsed="0.641448"/>
</test>
<status status="PASS" start="2024-05-28T21:08:33.170270" elapsed="2.714179"/>
</suite>
<statistics>
<total>
<stat pass="4" fail="0" skip="0">All Tests</stat>
</total>
<tag>
</tag>
<suite>
<stat pass="4" fail="0" skip="0" id="s1" name="Test Delete User Ddt Copy">Test Delete User Ddt Copy</stat>
</suite>
</statistics>
<errors>
<msg time="2024-05-28T21:08:33.919954" level="WARN">Multiple tests with name 'TC001' executed in suite 'Test Delete User Ddt Copy'.</msg>
<msg time="2024-05-28T21:08:34.569538" level="WARN">Multiple tests with name 'TC001' executed in suite 'Test Delete User Ddt Copy'.</msg>
<msg time="2024-05-28T21:08:35.241680" level="WARN">Multiple tests with name 'TC001' executed in suite 'Test Delete User Ddt Copy'.</msg>
</errors>
</robot>
