<?xml version="1.0" encoding="UTF-8"?>
<robot generator="Robot 7.0 (Python 3.11.8 on darwin)" generated="2024-05-26T12:28:40.401392" rpa="false" schemaversion="5">
<suite id="s1" name="Test Store" source="/Users/dierokreator/Programming/Interasys/PetStoreRobot140/__tests__/test_store.robot">
<test id="s1-t1" name="Delete store" line="42">
<kw name="DELETE" owner="RequestsLibrary">
<msg time="2024-05-26T12:28:41.139472" level="INFO">DELETE Request : url=https://petstore.swagger.io/v2/store/order/9223372036854775000 
 path_url=/v2/store/order/9223372036854775000 
 headers={'User-Agent': 'python-requests/2.31.0', 'Accept-Encoding': 'gzip, deflate', 'Accept': '*/*', 'Connection': 'keep-alive', 'Content-Length': '0'} 
 body=None 
 </msg>
<msg time="2024-05-26T12:28:41.141918" level="INFO">DELETE Response : url=https://petstore.swagger.io/v2/store/order/9223372036854775000 
 status=200, reason=OK 
 headers={'Date': 'Sun, 26 May 2024 15:28:41 GMT', 'Content-Type': 'application/json', 'Transfer-Encoding': 'chunked', 'Connection': 'keep-alive', 'Access-Control-Allow-Origin': '*', 'Access-Control-Allow-Methods': 'GET, POST, DELETE, PUT', 'Access-Control-Allow-Headers': 'Content-Type, api_key, Authorization', 'Server': 'Jetty(9.2.9.v20150224)'} 
 body={"code":200,"type":"unknown","message":"9223372036854775000"} 
 </msg>
<msg time="2024-05-26T12:28:41.142510" level="INFO">${response} = &lt;Response [200]&gt;</msg>
<var>${response}</var>
<arg>${{$url + '/' + $order_id}}</arg>
<doc>Sends a DELETE request.</doc>
<status status="PASS" start="2024-05-26T12:28:40.504436" elapsed="0.638366"/>
</kw>
<kw name="Set Variable" owner="BuiltIn">
<msg time="2024-05-26T12:28:41.145227" level="INFO">${response_body} = {'code': 200, 'type': 'unknown', 'message': '9223372036854775000'}</msg>
<var>${response_body}</var>
<arg>${response.json()}</arg>
<doc>Returns the given values which can then be assigned to a variables.</doc>
<status status="PASS" start="2024-05-26T12:28:41.143547" elapsed="0.002047"/>
</kw>
<kw name="Log To Console" owner="BuiltIn">
<arg>${response_body}</arg>
<doc>Logs the given message to the console.</doc>
<status status="PASS" start="2024-05-26T12:28:41.146287" elapsed="0.000609"/>
</kw>
<kw name="Status Should Be" owner="RequestsLibrary">
<arg>200</arg>
<doc>Fails if response status code is different than the expected.</doc>
<status status="PASS" start="2024-05-26T12:28:41.147331" elapsed="0.000425"/>
</kw>
<kw name="Should Be Equal" owner="BuiltIn">
<arg>${response_body}[code]</arg>
<arg>${{int(200)}}</arg>
<doc>Fails if the given objects are unequal.</doc>
<status status="PASS" start="2024-05-26T12:28:41.148160" elapsed="0.001281"/>
</kw>
<kw name="Should Be Equal" owner="BuiltIn">
<arg>${response_body}[type]</arg>
<arg>unknown</arg>
<doc>Fails if the given objects are unequal.</doc>
<status status="PASS" start="2024-05-26T12:28:41.150463" elapsed="0.000993"/>
</kw>
<kw name="Should Be Equal" owner="BuiltIn">
<arg>${response_body}[message]</arg>
<arg>${order_id}</arg>
<doc>Fails if the given objects are unequal.</doc>
<status status="PASS" start="2024-05-26T12:28:41.152302" elapsed="0.000737"/>
</kw>
<status status="PASS" start="2024-05-26T12:28:40.503771" elapsed="0.649748"/>
</test>
<status status="PASS" start="2024-05-26T12:28:40.404924" elapsed="0.751075"/>
</suite>
<statistics>
<total>
<stat pass="1" fail="0" skip="0">All Tests</stat>
</total>
<tag>
</tag>
<suite>
<stat pass="1" fail="0" skip="0" id="s1" name="Test Store">Test Store</stat>
</suite>
</statistics>
<errors>
</errors>
</robot>
